<?xml version="1.0" encoding="UTF-8"?>
<!-- Generated by org.testng.reporters.JUnitReportReporter -->
<testsuite hostname="DESKTOP-CTAH85S" failures="0" tests="1" name="httpRequests.TC001_GET" time="2.673" errors="0" timestamp="2023-07-31T16:24:41 IST" skipped="0">
  <testcase classname="httpRequests.TC001_GET" name="getRequest" time="2.673"/>
  <system-out/>
</testsuite> <!-- httpRequests.TC001_GET -->
