<?xml version="1.0" encoding="UTF-8"?>
<!-- Generated by org.testng.reporters.JUnitReportReporter -->
<testsuite hostname="DESKTOP-CTAH85S" failures="0" tests="1" name="httpRequests.TC002_POST" time="4.316" errors="0" timestamp="2023-07-10T21:38:01 IST" skipped="0">
  <testcase classname="httpRequests.TC002_POST" name="postRequest" time="4.316"/>
  <system-out/>
</testsuite> <!-- httpRequests.TC002_POST -->
