<?xml version="1.0" encoding="UTF-8"?>
<!-- Generated by org.testng.reporters.JUnitReportReporter -->
<testsuite hostname="DESKTOP-CTAH85S" failures="0" tests="1" name="testcases.TC001" time="6.583" errors="0" timestamp="2023-07-09T19:09:14 IST" skipped="0">
  <testcase classname="testcases.TC001" name="loginTest" time="6.583"/>
  <system-out/>
</testsuite> <!-- testcases.TC001 -->
